INFO:root:12, 1, 2018
INFO:root:Registros encontrados: 82
INFO:root:12, 2, 2018
INFO:root:Registros encontrados: 58
INFO:root:12, 3, 2018
INFO:root:Registros encontrados: 68
INFO:root:12, 4, 2018
INFO:root:Registros encontrados: 71
INFO:root:12, 5, 2018
INFO:root:Registros encontrados: 90
INFO:root:12, 6, 2018
INFO:root:Registros encontrados: 81
INFO:root:12, 7, 2018
INFO:root:Registros encontrados: 73
INFO:root:12, 8, 2018
INFO:root:Registros encontrados: 98
INFO:root:12, 9, 2018
INFO:root:Registros encontrados: 80
INFO:root:12, 10, 2018
INFO:root:Registros encontrados: 87
INFO:root:12, 11, 2018
INFO:root:Registros encontrados: 83
INFO:root:12, 12, 2018
INFO:root:Registros encontrados: 99
INFO:root:1, 1, 2018
INFO:root:Registros encontrados: 9
INFO:root:1, 2, 2018
INFO:root:Registros encontrados: 8
INFO:root:1, 3, 2018
INFO:root:Registros encontrados: 8
INFO:root:1, 4, 2018
INFO:root:Registros encontrados: 3
INFO:root:1, 5, 2018
INFO:root:Registros encontrados: 9
INFO:root:1, 6, 2018
INFO:root:Registros encontrados: 6
INFO:root:1, 7, 2018
INFO:root:Registros encontrados: 7
INFO:root:1, 8, 2018
INFO:root:Registros encontrados: 7
INFO:root:1, 9, 2018
INFO:root:Registros encontrados: 9
INFO:root:1, 10, 2018
INFO:root:Registros encontrados: 8
INFO:root:1, 11, 2018
INFO:root:Registros encontrados: 6
INFO:root:1, 12, 2018
INFO:root:Registros encontrados: 4
INFO:root:2, 1, 2018
INFO:root:Registros encontrados: 7
INFO:root:2, 2, 2018
INFO:root:Registros encontrados: 10
INFO:root:2, 3, 2018
INFO:root:Registros encontrados: 8
INFO:root:2, 4, 2018
INFO:root:Registros encontrados: 13
INFO:root:2, 5, 2018
INFO:root:Registros encontrados: 9
INFO:root:2, 6, 2018
INFO:root:Registros encontrados: 7
INFO:root:2, 7, 2018
INFO:root:Registros encontrados: 9
INFO:root:2, 8, 2018
INFO:root:Registros encontrados: 10
INFO:root:2, 9, 2018
INFO:root:Registros encontrados: 4
INFO:root:2, 10, 2018
INFO:root:Registros encontrados: 7
INFO:root:2, 11, 2018
INFO:root:Registros encontrados: 11
INFO:root:2, 12, 2018
INFO:root:Registros encontrados: 9
INFO:root:13, 1, 2018
INFO:root:13, 2, 2018
INFO:root:Registros encontrados: 1
INFO:root:13, 3, 2018
INFO:root:13, 4, 2018
INFO:root:Registros encontrados: 1
INFO:root:13, 5, 2018
INFO:root:13, 6, 2018
INFO:root:13, 7, 2018
INFO:root:13, 8, 2018
INFO:root:13, 9, 2018
INFO:root:13, 10, 2018
INFO:root:13, 11, 2018
INFO:root:13, 12, 2018
INFO:root:20, 1, 2018
INFO:root:Registros encontrados: 2
INFO:root:20, 2, 2018
INFO:root:20, 3, 2018
INFO:root:20, 4, 2018
INFO:root:20, 5, 2018
INFO:root:Registros encontrados: 1
INFO:root:20, 6, 2018
INFO:root:20, 7, 2018
INFO:root:Registros encontrados: 1
INFO:root:20, 8, 2018
INFO:root:Registros encontrados: 1
INFO:root:20, 9, 2018
INFO:root:Registros encontrados: 2
INFO:root:20, 10, 2018
INFO:root:Registros encontrados: 2
INFO:root:20, 11, 2018
INFO:root:20, 12, 2018
INFO:root:3, 1, 2018
INFO:root:Registros encontrados: 2
INFO:root:3, 2, 2018
INFO:root:Registros encontrados: 8
INFO:root:3, 3, 2018
INFO:root:Registros encontrados: 6
INFO:root:3, 4, 2018
INFO:root:Registros encontrados: 12
INFO:root:3, 5, 2018
INFO:root:Registros encontrados: 5
INFO:root:3, 6, 2018
INFO:root:Registros encontrados: 10
INFO:root:3, 7, 2018
INFO:root:Registros encontrados: 4
INFO:root:3, 8, 2018
INFO:root:Registros encontrados: 3
INFO:root:3, 9, 2018
INFO:root:Registros encontrados: 18
INFO:root:3, 10, 2018
INFO:root:Registros encontrados: 6
INFO:root:3, 11, 2018
INFO:root:Registros encontrados: 6
INFO:root:3, 12, 2018
INFO:root:Registros encontrados: 6
INFO:root:6, 1, 2018
INFO:root:6, 2, 2018
INFO:root:6, 3, 2018
INFO:root:6, 4, 2018
INFO:root:6, 5, 2018
INFO:root:6, 6, 2018
INFO:root:6, 7, 2018
INFO:root:6, 8, 2018
INFO:root:6, 9, 2018
INFO:root:6, 10, 2018
INFO:root:6, 11, 2018
INFO:root:6, 12, 2018
INFO:root:7, 1, 2018
INFO:root:7, 2, 2018
INFO:root:7, 3, 2018
INFO:root:7, 4, 2018
INFO:root:7, 5, 2018
INFO:root:7, 6, 2018
INFO:root:7, 7, 2018
INFO:root:7, 8, 2018
INFO:root:7, 9, 2018
INFO:root:7, 10, 2018
INFO:root:7, 11, 2018
INFO:root:7, 12, 2018
INFO:root:10, 1, 2018
INFO:root:10, 2, 2018
INFO:root:10, 3, 2018
INFO:root:10, 4, 2018
INFO:root:10, 5, 2018
INFO:root:10, 6, 2018
INFO:root:10, 7, 2018
INFO:root:10, 8, 2018
INFO:root:10, 9, 2018
INFO:root:10, 10, 2018
INFO:root:10, 11, 2018
INFO:root:10, 12, 2018
INFO:root:11, 1, 2018
INFO:root:11, 2, 2018
INFO:root:11, 3, 2018
INFO:root:11, 4, 2018
INFO:root:11, 5, 2018
INFO:root:11, 6, 2018
INFO:root:11, 7, 2018
INFO:root:11, 8, 2018
INFO:root:11, 9, 2018
INFO:root:11, 10, 2018
INFO:root:11, 11, 2018
INFO:root:11, 12, 2018
INFO:root:5, 1, 2018
INFO:root:5, 2, 2018
INFO:root:5, 3, 2018
INFO:root:5, 4, 2018
INFO:root:5, 5, 2018
INFO:root:5, 6, 2018
INFO:root:5, 7, 2018
INFO:root:5, 8, 2018
INFO:root:5, 9, 2018
INFO:root:5, 10, 2018
INFO:root:5, 11, 2018
INFO:root:5, 12, 2018
INFO:root:4, 1, 2018
INFO:root:Registros encontrados: 5
INFO:root:4, 2, 2018
INFO:root:Registros encontrados: 2
INFO:root:4, 3, 2018
INFO:root:Registros encontrados: 3
INFO:root:4, 4, 2018
INFO:root:Registros encontrados: 10
INFO:root:4, 5, 2018
INFO:root:Registros encontrados: 5
INFO:root:4, 6, 2018
INFO:root:Registros encontrados: 8
INFO:root:4, 7, 2018
INFO:root:Registros encontrados: 4
INFO:root:4, 8, 2018
INFO:root:Registros encontrados: 1
INFO:root:4, 9, 2018
INFO:root:Registros encontrados: 11
INFO:root:4, 10, 2018
INFO:root:Registros encontrados: 5
INFO:root:4, 11, 2018
INFO:root:Registros encontrados: 3
INFO:root:4, 12, 2018
INFO:root:Registros encontrados: 8
INFO:root:18, 1, 2018
INFO:root:18, 2, 2018
INFO:root:18, 3, 2018
INFO:root:18, 4, 2018
INFO:root:18, 5, 2018
INFO:root:18, 6, 2018
INFO:root:18, 7, 2018
INFO:root:18, 8, 2018
INFO:root:18, 9, 2018
INFO:root:18, 10, 2018
INFO:root:18, 11, 2018
INFO:root:18, 12, 2018
